\BOOKMARK [1][-]{section.1}{Motivation \046 Importance}{}% 1
\BOOKMARK [2][-]{subsection.1.1}{Investor Activism}{section.1}% 2
\BOOKMARK [2][-]{subsection.1.2}{Anecdotal Reference}{section.1}% 3
\BOOKMARK [2][-]{subsection.1.3}{13D Filings}{section.1}% 4
\BOOKMARK [2][-]{subsection.1.4}{Abnormal Returns}{section.1}% 5
\BOOKMARK [2][-]{subsection.1.5}{Corporations}{section.1}% 6
\BOOKMARK [2][-]{subsection.1.6}{Difference to prior Research}{section.1}% 7
\BOOKMARK [1][-]{section.2}{Sample Selection}{}% 8
\BOOKMARK [2][-]{subsection.2.1}{Filters}{section.2}% 9
\BOOKMARK [1][-]{section.3}{Summary Statistics for the sample - Investor \046 Target}{}% 10
\BOOKMARK [1][-]{section.4}{Financial Condition - Investor}{}% 11
\BOOKMARK [2][-]{subsection.4.1}{F-Score}{section.4}% 12
\BOOKMARK [3][-]{subsubsection.4.1.1}{What is it?}{subsection.4.1}% 13
\BOOKMARK [3][-]{subsubsection.4.1.2}{Why is it used?}{subsection.4.1}% 14
\BOOKMARK [3][-]{subsubsection.4.1.3}{Problems/Comments}{subsection.4.1}% 15
\BOOKMARK [2][-]{subsection.4.2}{Expected Return}{section.4}% 16
\BOOKMARK [2][-]{subsection.4.3}{Measurements \(variables\) for the financial condition}{section.4}% 17
\BOOKMARK [2][-]{subsection.4.4}{Evaluation of the financial strength}{section.4}% 18
\BOOKMARK [2][-]{subsection.4.5}{Target}{section.4}% 19
\BOOKMARK [1][-]{section.5}{Underlying Justification for using the given measures as a proxy for financial strength}{}% 20
\BOOKMARK [1][-]{section.6}{Abnormal Returns - Event Study}{}% 21
\BOOKMARK [1][-]{section.7}{Investor-Target Ratio}{}% 22
\BOOKMARK [1][-]{section.8}{Data}{}% 23
\BOOKMARK [2][-]{subsection.8.1}{Comments}{section.8}% 24
\BOOKMARK [2][-]{subsection.8.2}{COMPUSTAT - Financial Condition}{section.8}% 25
\BOOKMARK [3][-]{subsubsection.8.2.1}{Screening Variables}{subsection.8.2}% 26
\BOOKMARK [3][-]{subsubsection.8.2.2}{Variables}{subsection.8.2}% 27
\BOOKMARK [2][-]{subsection.8.3}{CRSP - Event Study Abnormal Returns}{section.8}% 28
\BOOKMARK [1][-]{section.9}{Literature}{}% 29
